{"J:\\CODE\\GitHub\\ajs-8_map-settings\\src\\app.js": {"path":"J:\\CODE\\GitHub\\ajs-8_map-settings\\src\\app.js","statementMap":{"0":{"start":{"line":3,"column":4},"end":{"line":7,"column":7}},"1":{"start":{"line":8,"column":4},"end":{"line":8,"column":33}},"2":{"start":{"line":9,"column":4},"end":{"line":13,"column":5}},"3":{"start":{"line":17,"column":4},"end":{"line":21,"column":5}},"4":{"start":{"line":18,"column":6},"end":{"line":18,"column":40}},"5":{"start":{"line":20,"column":6},"end":{"line":20,"column":36}},"6":{"start":{"line":25,"column":19},"end":{"line":25,"column":26}},"7":{"start":{"line":26,"column":4},"end":{"line":32,"column":13}},"8":{"start":{"line":27,"column":6},"end":{"line":31,"column":7}},"9":{"start":{"line":28,"column":8},"end":{"line":28,"column":52}},"10":{"start":{"line":30,"column":8},"end":{"line":30,"column":31}},"11":{"start":{"line":33,"column":4},"end":{"line":33,"column":18}}},"fnMap":{"0":{"name":"(anonymous_0)","decl":{"start":{"line":2,"column":2},"end":{"line":2,"column":3}},"loc":{"start":{"line":2,"column":16},"end":{"line":14,"column":3}},"line":2},"1":{"name":"(anonymous_1)","decl":{"start":{"line":16,"column":2},"end":{"line":16,"column":3}},"loc":{"start":{"line":16,"column":21},"end":{"line":22,"column":3}},"line":16},"2":{"name":"(anonymous_2)","decl":{"start":{"line":24,"column":2},"end":{"line":24,"column":3}},"loc":{"start":{"line":24,"column":17},"end":{"line":34,"column":3}},"line":24},"3":{"name":"(anonymous_3)","decl":{"start":{"line":26,"column":33},"end":{"line":26,"column":34}},"loc":{"start":{"line":26,"column":49},"end":{"line":32,"column":5}},"line":26}},"branchMap":{"0":{"loc":{"start":{"line":17,"column":4},"end":{"line":21,"column":5}},"type":"if","locations":[{"start":{"line":17,"column":4},"end":{"line":21,"column":5}},{"start":{"line":17,"column":4},"end":{"line":21,"column":5}}],"line":17},"1":{"loc":{"start":{"line":27,"column":6},"end":{"line":31,"column":7}},"type":"if","locations":[{"start":{"line":27,"column":6},"end":{"line":31,"column":7}},{"start":{"line":27,"column":6},"end":{"line":31,"column":7}}],"line":27}},"s":{"0":3,"1":3,"2":3,"3":3,"4":2,"5":1,"6":1,"7":1,"8":3,"9":1,"10":2,"11":1},"f":{"0":3,"1":3,"2":1,"3":3},"b":{"0":[2,1],"1":[1,2]},"_coverageSchema":"43e27e138ebf9cfc5966b082cf9a028302ed4184","hash":"9f2471c47741f8f66d596834eb6f60d672fc8c56"}
}
